0 info it worked if it ends with ok
1 verbose cli [ '/usr/bin/node', '/usr/bin/npm', 'run', 'dev' ]
2 info using npm@3.10.10
3 info using node@v6.10.3
4 verbose run-script [ 'predev', 'dev', 'postdev' ]
5 info lifecycle angular-socket-io-chat-example@1.1.1~predev: angular-socket-io-chat-example@1.1.1
6 verbose lifecycle angular-socket-io-chat-example@1.1.1~predev: unsafe-perm in lifecycle true
7 verbose lifecycle angular-socket-io-chat-example@1.1.1~predev: PATH: /usr/lib/node_modules/npm/bin/node-gyp-bin:/home/dev/Documents/workspace/vamos-conciliar/chat/vc-app-chat/node_modules/.bin:/opt/maven/bin:/opt/maven/bin:/opt/maven/bin:/usr/lib64/qt-3.3/bin:/opt/maven/bin:/home/dev/.rvm/gems/ruby-2.3.1/bin:/home/dev/.rvm/gems/ruby-2.3.1@global/bin:/home/dev/.rvm/rubies/ruby-2.3.1/bin:/usr/local/bin:/usr/bin:/bin:/home/dev/.rvm/bin:/usr/local/sbin:/usr/sbin:/home/dev/.rvm/bin:/home/dev/.local/bin:/home/dev/bin:/home/dev/.rvm/bin:/home/dev/.rvm/bin:/home/dev/.local/bin:/home/dev/bin:/home/dev/.rvm/bin:/home/dev/.rvm/bin
8 verbose lifecycle angular-socket-io-chat-example@1.1.1~predev: CWD: /home/dev/Documents/workspace/vamos-conciliar/chat/vc-app-chat
9 silly lifecycle angular-socket-io-chat-example@1.1.1~predev: Args: [ '-c', 'npm run clean && npm run build:dev' ]
10 silly lifecycle angular-socket-io-chat-example@1.1.1~predev: Returned: code: 1  signal: null
11 info lifecycle angular-socket-io-chat-example@1.1.1~predev: Failed to exec predev script
12 verbose stack Error: angular-socket-io-chat-example@1.1.1 predev: `npm run clean && npm run build:dev`
12 verbose stack Exit status 1
12 verbose stack     at EventEmitter.<anonymous> (/usr/lib/node_modules/npm/lib/utils/lifecycle.js:255:16)
12 verbose stack     at emitTwo (events.js:106:13)
12 verbose stack     at EventEmitter.emit (events.js:191:7)
12 verbose stack     at ChildProcess.<anonymous> (/usr/lib/node_modules/npm/lib/utils/spawn.js:40:14)
12 verbose stack     at emitTwo (events.js:106:13)
12 verbose stack     at ChildProcess.emit (events.js:191:7)
12 verbose stack     at maybeClose (internal/child_process.js:886:16)
12 verbose stack     at Process.ChildProcess._handle.onexit (internal/child_process.js:226:5)
13 verbose pkgid angular-socket-io-chat-example@1.1.1
14 verbose cwd /home/dev/Documents/workspace/vamos-conciliar/chat/vc-app-chat
15 error Linux 4.11.5-200.fc25.x86_64
16 error argv "/usr/bin/node" "/usr/bin/npm" "run" "dev"
17 error node v6.10.3
18 error npm  v3.10.10
19 error code ELIFECYCLE
20 error angular-socket-io-chat-example@1.1.1 predev: `npm run clean && npm run build:dev`
20 error Exit status 1
21 error Failed at the angular-socket-io-chat-example@1.1.1 predev script 'npm run clean && npm run build:dev'.
21 error Make sure you have the latest version of node.js and npm installed.
21 error If you do, this is most likely a problem with the angular-socket-io-chat-example package,
21 error not with npm itself.
21 error Tell the author that this fails on your system:
21 error     npm run clean && npm run build:dev
21 error You can get information on how to open an issue for this project with:
21 error     npm bugs angular-socket-io-chat-example
21 error Or if that isn't available, you can get their info via:
21 error     npm owner ls angular-socket-io-chat-example
21 error There is likely additional logging output above.
22 verbose exit [ 1, true ]
